<?xml version="1.0" encoding="UTF-8"?>
<!-- Generated by org.testng.reporters.JUnitReportReporter -->
<testsuite hostname="DESKTOP-UABMAAA" failures="0" tests="1" name="test.LoginTest" time="35.806" errors="0" timestamp="2025-06-30T19:27:49 IST" skipped="0">
  <testcase classname="test.LoginTest" name="validLoginTest" time="35.806"/>
</testsuite> <!-- test.LoginTest -->
